2025-09-28 23:46:06,584 - INFO - === PRODUCTION READINESS ASSESSMENT STARTED ===
2025-09-28 23:46:06,584 - INFO - === Assessing System Architecture ===
2025-09-28 23:46:06,584 - INFO - [OK] Modular design with distinct components
2025-09-28 23:46:06,584 - INFO - [OK] Clear separation between backend and frontend
2025-09-28 23:46:08,622 - INFO - [OK] Comprehensive API design (47 endpoints)
2025-09-28 23:46:08,623 - INFO - [OK] Specialized database architecture (5 databases)
2025-09-28 23:46:08,623 - INFO - [OK] Scalability configuration present
2025-09-28 23:46:08,625 - INFO - [OK] Microservices architecture (4 services)
2025-09-28 23:46:08,625 - INFO - [OK] Configuration management in place
2025-09-28 23:46:08,625 - INFO - === Assessing Operational Excellence ===
2025-09-28 23:46:08,626 - INFO - [OK] Comprehensive logging system
2025-09-28 23:46:12,732 - INFO - [OK] Health monitoring system active
2025-09-28 23:46:14,779 - INFO - [OK] Graceful error handling
2025-09-28 23:46:16,841 - INFO - [OK] Alerting system available
2025-09-28 23:46:20,936 - INFO - [OK] Metrics collection system
2025-09-28 23:46:20,936 - INFO - [OK] Self-healing capabilities available
2025-09-28 23:46:23,006 - INFO - [OK] Operational dashboards available
2025-09-28 23:46:23,007 - INFO - === Assessing Security Posture ===
2025-09-28 23:46:25,070 - INFO - [OK] Authentication properly required
2025-09-28 23:46:25,070 - INFO - [OK] Secure configuration management
2025-09-28 23:46:27,152 - INFO - [OK] Input validation active
2025-09-28 23:46:31,263 - ERROR - Security assessment error: 'comprehensive_logging'
2025-09-28 23:46:31,263 - INFO - === Assessing Performance & Reliability ===
2025-09-28 23:46:41,491 - INFO - [OK] Response time acceptable (2045.6ms)
2025-09-28 23:46:50,658 - INFO - [OK] System stability verified
2025-09-28 23:46:51,659 - INFO - [OK] Resource efficiency (Memory: 0.1%, CPU: 9.4%)
2025-09-28 23:46:53,689 - INFO - [OK] Concurrent request handling
2025-09-28 23:46:57,810 - INFO - [OK] Error recovery verified
2025-09-28 23:46:59,849 - INFO - [OK] Performance monitoring available
2025-09-28 23:46:59,849 - INFO - === Assessing Deployment Readiness ===
2025-09-28 23:46:59,849 - INFO - [OK] Environment configuration (2 config files)
2025-09-28 23:46:59,849 - INFO - [OK] Dependency management (2 dependency files)
2025-09-28 23:46:59,849 - INFO - [OK] Startup scripts available (3 scripts)
2025-09-28 23:46:59,849 - INFO - [OK] Process management capabilities
2025-09-28 23:46:59,850 - INFO - [OK] Backup procedures in place
2025-09-28 23:46:59,850 - INFO - === Assessing Documentation & Compliance ===
2025-09-28 23:46:59,850 - INFO - [OK] Technical documentation (3 documents)
2025-09-28 23:47:01,901 - INFO - [OK] API documentation available
2025-09-28 23:47:01,902 - INFO - [OK] User documentation available
2025-09-28 23:47:01,902 - INFO - [OK] Compliance documentation (2 documents)
2025-09-28 23:47:01,902 - INFO - === Calculating Overall Production Readiness ===
2025-09-28 23:47:01,902 - INFO - === ASSESSMENT COMPLETE - Report saved to C:\quant_system_v2\production_readiness_assessment_20250928_234701.json ===
