2025-09-24 21:46:59,659 - SystemManager - INFO - [start_all.py:523] - === QUANTITATIVE TRADING SYSTEM STARTUP ===
2025-09-24 21:46:59,659 - SystemManager - INFO - [start_all.py:125] - === Environment Validation ===
2025-09-24 21:46:59,690 - SystemManager - INFO - [start_all.py:189] - Environment validation: 90.0% success rate
2025-09-24 21:46:59,690 - SystemManager - INFO - [start_all.py:202] - === Preparing React Frontend ===
2025-09-24 21:46:59,690 - SystemManager - INFO - [start_all.py:405] - === Starting All System Components ===
2025-09-24 21:46:59,690 - SystemManager - INFO - [start_all.py:421] - --- Starting FastAPI Backend ---
2025-09-24 21:46:59,690 - SystemManager - INFO - [start_all.py:243] - Starting FastAPI Backend...
2025-09-24 21:46:59,714 - SystemManager - INFO - [start_all.py:386] - Waiting for FastAPI Backend health check...
2025-09-24 21:47:20,751 - SystemManager - INFO - [start_all.py:421] - --- Starting Trading Bot Worker ---
2025-09-24 21:47:20,751 - SystemManager - INFO - [start_all.py:325] - Starting Trading Bot Worker...
2025-09-24 21:47:25,768 - SystemManager - INFO - [start_all.py:421] - --- Starting React Frontend ---
2025-09-24 21:47:25,768 - SystemManager - INFO - [start_all.py:271] - Starting React Frontend...
2025-09-24 21:47:25,771 - SystemManager - ERROR - [start_all.py:444] - Failed to start critical component: frontend_react
2025-09-24 21:47:25,771 - SystemManager - ERROR - [start_all.py:537] - Failed to start all components
2025-09-24 21:47:25,771 - SystemManager - INFO - [start_all.py:467] - === Shutting Down All Processes ===
2025-09-24 21:47:25,771 - SystemManager - INFO - [start_all.py:475] - Shutting down Trading Bot Worker...
2025-09-24 21:47:25,780 - SystemManager - INFO - [start_all.py:475] - Shutting down FastAPI Backend...
2025-09-24 21:47:25,784 - SystemManager - INFO - [start_all.py:490] - === Shutdown Complete ===
2025-09-24 21:47:25,784 - SystemManager - INFO - [start_all.py:467] - === Shutting Down All Processes ===
2025-09-24 21:47:25,784 - SystemManager - INFO - [start_all.py:475] - Shutting down Trading Bot Worker...
2025-09-24 21:47:25,784 - SystemManager - INFO - [start_all.py:475] - Shutting down FastAPI Backend...
2025-09-24 21:47:25,784 - SystemManager - INFO - [start_all.py:490] - === Shutdown Complete ===
